<?xml version="1.0" encoding="UTF-8"?>
<!-- Generated by org.testng.reporters.JUnitReportReporter -->
<testsuite hostname="LokithaNs-MacBook-Air.local" failures="0" tests="3" name="tests.LoginTest" time="3.505" errors="0" timestamp="2025-08-28T23:05:22 IST" skipped="0">
  <testcase classname="tests.LoginTest" name="testInvalidPassword" time="1.666"/>
  <testcase classname="tests.LoginTest" name="testBlankUsername" time="0.736"/>
  <testcase classname="tests.LoginTest" name="testValidLogin" time="1.103"/>
</testsuite> <!-- tests.LoginTest -->
